f:\newcastle\8503 release\csc8503\csc8503common\debug\csc8503common.pdb
f:\newcastle\8503 release\csc8503\csc8503common\debug\csc8503common.idb
f:\newcastle\8503 release\csc8503\csc8503common\debug\transform.obj
f:\newcastle\8503 release\csc8503\csc8503common\debug\statetransition.obj
f:\newcastle\8503 release\csc8503\csc8503common\debug\statemachine.obj
f:\newcastle\8503 release\csc8503\csc8503common\debug\renderobject.obj
f:\newcastle\8503 release\csc8503\csc8503common\debug\quadtree.obj
f:\newcastle\8503 release\csc8503\csc8503common\debug\pushdownstate.obj
f:\newcastle\8503 release\csc8503\csc8503common\debug\pushdownmachine.obj
f:\newcastle\8503 release\csc8503\csc8503common\debug\physicssystem.obj
f:\newcastle\8503 release\csc8503\csc8503common\debug\physicsobject.obj
f:\newcastle\8503 release\csc8503\csc8503common\debug\navigationmesh.obj
f:\newcastle\8503 release\csc8503\csc8503common\debug\navigationgrid.obj
f:\newcastle\8503 release\csc8503\csc8503common\debug\gameworld.obj
f:\newcastle\8503 release\csc8503\csc8503common\debug\gameobject.obj
f:\newcastle\8503 release\csc8503\csc8503common\debug\debug.obj
f:\newcastle\8503 release\csc8503\csc8503common\debug\collisiondetection.obj
f:\newcastle\8503 release\win32\debug\csc8503common.lib
f:\newcastle\8503 release\csc8503\csc8503common\debug\csc8503common.tlog\cl.command.1.tlog
f:\newcastle\8503 release\csc8503\csc8503common\debug\csc8503common.tlog\cl.read.1.tlog
f:\newcastle\8503 release\csc8503\csc8503common\debug\csc8503common.tlog\cl.write.1.tlog
f:\newcastle\8503 release\csc8503\csc8503common\debug\csc8503common.tlog\lib-link.read.1.tlog
f:\newcastle\8503 release\csc8503\csc8503common\debug\csc8503common.tlog\lib-link.write.1.tlog
f:\newcastle\8503 release\csc8503\csc8503common\debug\csc8503common.tlog\lib.command.1.tlog
