f:\newcastle\8503 release\common\debug\common.pdb
f:\newcastle\8503 release\common\debug\common.idb
f:\newcastle\8503 release\common\debug\texturewriter.obj
f:\newcastle\8503 release\common\debug\textureloader.obj
f:\newcastle\8503 release\common\debug\texturebase.obj
f:\newcastle\8503 release\common\debug\simplefont.obj
f:\newcastle\8503 release\common\debug\shaderbase.obj
f:\newcastle\8503 release\common\debug\rendererbase.obj
f:\newcastle\8503 release\common\debug\quaternion.obj
f:\newcastle\8503 release\common\debug\plane.obj
f:\newcastle\8503 release\common\debug\mouse.obj
f:\newcastle\8503 release\common\debug\meshmaterial.obj
f:\newcastle\8503 release\common\debug\meshgeometry.obj
f:\newcastle\8503 release\common\debug\meshanimation.obj
f:\newcastle\8503 release\common\debug\matrix4.obj
f:\newcastle\8503 release\common\debug\matrix3.obj
f:\newcastle\8503 release\common\debug\matrix2.obj
f:\newcastle\8503 release\common\debug\maths.obj
f:\newcastle\8503 release\common\debug\keyboard.obj
f:\newcastle\8503 release\common\debug\gametimer.obj
f:\newcastle\8503 release\common\debug\camera.obj
f:\newcastle\8503 release\common\debug\assets.obj
f:\newcastle\8503 release\common\debug\window.obj
f:\newcastle\8503 release\common\debug\win32window.obj
f:\newcastle\8503 release\common\debug\win32keyboard.obj
f:\newcastle\8503 release\common\debug\vector4.obj
f:\newcastle\8503 release\common\debug\vector3.obj
f:\newcastle\8503 release\common\debug\vector2.obj
f:\newcastle\8503 release\common\debug\common.tlog\cl.command.1.tlog
f:\newcastle\8503 release\common\debug\common.tlog\cl.read.1.tlog
f:\newcastle\8503 release\common\debug\common.tlog\cl.write.1.tlog
